#
# There is insufficient memory for the Java Runtime Environment to continue.
# Native memory allocation (mmap) failed to map 132120576 bytes for G1 virtual space
# Possible reasons:
#   The system is out of physical RAM or swap space
#   The process is running with CompressedOops enabled, and the Java Heap may be blocking the growth of the native heap
# Possible solutions:
#   Reduce memory load on the system
#   Increase physical memory or swap space
#   Check if swap backing store is full
#   Decrease Java heap size (-Xmx/-Xms)
#   Decrease number of Java threads
#   Decrease Java thread stack sizes (-Xss)
#   Set larger code cache with -XX:ReservedCodeCacheSize=
#   JVM is running with Unscaled Compressed Oops mode in which the Java heap is
#     placed in the first 4GB address space. The Java Heap base address is the
#     maximum limit for the native heap growth. Please use -XX:HeapBaseMinAddress
#     to set the Java Heap base and to place the Java Heap above 4GB virtual address.
# This output file may be truncated or incomplete.
#
#  Out of Memory Error (os_windows.cpp:3466), pid=8604, tid=14332
#
# JRE version:  (16.0.2+7) (build )
# Java VM: Java HotSpot(TM) 64-Bit Server VM (16.0.2+7-67, mixed mode, sharing, tiered, compressed oops, compressed class ptrs, g1 gc, windows-amd64)
# No core dump will be written. Minidumps are not enabled by default on client versions of Windows
#

---------------  S U M M A R Y ------------

Command Line: -Dfile.encoding=UTF-8 -XX:+ShowCodeDetailsInExceptionMessages gui.GUI_QuenMatKhau

Host: Intel(R) Core(TM) i5-10210U CPU @ 1.60GHz, 8 cores, 7G,  Windows 10 , 64 bit Build 22000 (10.0.22000.1219)
Time: Tue Nov 29 22:41:15 2022 SE Asia Standard Time elapsed time: 0.011524 seconds (0d 0h 0m 0s)

---------------  T H R E A D  ---------------

Current thread (0x000002a9dfcadb70):  JavaThread "Unknown thread" [_thread_in_vm, id=14332, stack(0x000000e9bb600000,0x000000e9bb700000)]

Stack: [0x000000e9bb600000,0x000000e9bb700000]
Native frames: (J=compiled Java code, j=interpreted, Vv=VM code, C=native code)
V  [jvm.dll+0x6681ca]
V  [jvm.dll+0x7c9e69]
V  [jvm.dll+0x7cb61e]
V  [jvm.dll+0x7cbc73]
V  [jvm.dll+0x242c55]
V  [jvm.dll+0x664f89]
V  [jvm.dll+0x659b75]
V  [jvm.dll+0x2fbfbb]
V  [jvm.dll+0x3031b6]
V  [jvm.dll+0x35299e]
V  [jvm.dll+0x352bcf]
V  [jvm.dll+0x2d3028]
V  [jvm.dll+0x2d4264]
V  [jvm.dll+0x79c741]
V  [jvm.dll+0x360791]
V  [jvm.dll+0x77a3f0]
V  [jvm.dll+0x3e4e8f]
V  [jvm.dll+0x3e6961]
C  [jli.dll+0x52fb]
C  [ucrtbase.dll+0x26c0c]
C  [KERNEL32.DLL+0x15550]
C  [ntdll.dll+0x485b]


---------------  P R O C E S S  ---------------

Threads class SMR info:
_java_thread_list=0x00007ff90fafcbb8, length=0, elements={
}

Java Threads: ( => current thread )

Other Threads:
  0x000002a9dfcee520 GCTaskThread "GC Thread#0" [stack: 0x000000e9bb700000,0x000000e9bb800000] [id=17080]
  0x000002a9dfcff0e0 ConcurrentGCThread "G1 Main Marker" [stack: 0x000000e9bb800000,0x000000e9bb900000] [id=11432]
  0x000002a9dfd00960 ConcurrentGCThread "G1 Conc#0" [stack: 0x000000e9bb900000,0x000000e9bba00000] [id=5476]

[error occurred during error reporting (printing all threads), id 0xc0000005, EXCEPTION_ACCESS_VIOLATION (0xc0000005) at pc=0x00007ff90f2d3ee7]

VM state: not at safepoint (not fully initialized)

VM Mutex/Monitor currently owned by a thread:  ([mutex/lock_event])
[0x000002a9dfca9520] Heap_lock - owner thread: 0x000002a9dfcadb70

Heap address: 0x0000000082400000, size: 2012 MB, Compressed Oops mode: 32-bit

CDS archive(s) mapped at: [0x0000000000000000-0x0000000000000000-0x0000000000000000), size 0, SharedBaseAddress: 0x0000000800000000, ArchiveRelocationMode: 0.
Narrow klass base: 0x0000000000000000, Narrow klass shift: 0, Narrow klass range: 0x0

GC Precious Log:
<Empty>

Heap:
 garbage-first heap   total 0K, used 0K [0x0000000082400000, 0x0000000100000000)
  region size 1024K, 0 young (0K), 0 survivors (0K)

[error occurred during error reporting (printing heap information), id 0xc0000005, EXCEPTION_ACCESS_VIOLATION (0xc0000005) at pc=0x00007ff90f6b1eed]

GC Heap History (0 events):
No events

Deoptimization events (0 events):
No events

Classes unloaded (0 events):
No events

Classes redefined (0 events):
No events

Internal exceptions (0 events):
No events

Events (1 events):
Event: 0.008 Loaded shared library C:\Program Files\Java\jdk-16.0.2\bin\java.dll


Dynamic libraries:
0x00007ff66c480000 - 0x00007ff66c490000 	C:\Program Files\Java\jdk-16.0.2\bin\javaw.exe
0x00007ff966220000 - 0x00007ff966429000 	C:\WINDOWS\SYSTEM32\ntdll.dll
0x00007ff9640a0000 - 0x00007ff96415e000 	C:\WINDOWS\System32\KERNEL32.DLL
0x00007ff963800000 - 0x00007ff963b7b000 	C:\WINDOWS\System32\KERNELBASE.dll
0x00007ff963e10000 - 0x00007ff963f21000 	C:\WINDOWS\System32\ucrtbase.dll
0x00007ff95e9d0000 - 0x00007ff95e9e8000 	C:\Program Files\Java\jdk-16.0.2\bin\jli.dll
0x00007ff95db80000 - 0x00007ff95db99000 	C:\Program Files\Java\jdk-16.0.2\bin\VCRUNTIME140.dll
0x00007ff964d80000 - 0x00007ff964e2e000 	C:\WINDOWS\System32\ADVAPI32.dll
0x00007ff966130000 - 0x00007ff9661d3000 	C:\WINDOWS\System32\msvcrt.dll
0x00007ff964c60000 - 0x00007ff964cfe000 	C:\WINDOWS\System32\sechost.dll
0x00007ff965530000 - 0x00007ff965650000 	C:\WINDOWS\System32\RPCRT4.dll
0x00007ff964830000 - 0x00007ff9649dd000 	C:\WINDOWS\System32\USER32.dll
0x00007ff940230000 - 0x00007ff9404d5000 	C:\WINDOWS\WinSxS\amd64_microsoft.windows.common-controls_6595b64144ccf1df_6.0.22000.120_none_9d947278b86cc467\COMCTL32.dll
0x00007ff963de0000 - 0x00007ff963e06000 	C:\WINDOWS\System32\win32u.dll
0x00007ff964730000 - 0x00007ff964759000 	C:\WINDOWS\System32\GDI32.dll
0x00007ff963b80000 - 0x00007ff963c98000 	C:\WINDOWS\System32\gdi32full.dll
0x00007ff963760000 - 0x00007ff9637fd000 	C:\WINDOWS\System32\msvcp_win.dll
0x00007ff94de60000 - 0x00007ff94de6a000 	C:\WINDOWS\SYSTEM32\VERSION.dll
0x00007ff964760000 - 0x00007ff964792000 	C:\WINDOWS\System32\IMM32.DLL
0x00007ff95fac0000 - 0x00007ff95facc000 	C:\Program Files\Java\jdk-16.0.2\bin\vcruntime140_1.dll
0x00007ff9410b0000 - 0x00007ff941141000 	C:\Program Files\Java\jdk-16.0.2\bin\msvcp140.dll
0x00007ff90eff0000 - 0x00007ff90fb9b000 	C:\Program Files\Java\jdk-16.0.2\bin\server\jvm.dll
0x00007ff9658a0000 - 0x00007ff9658a8000 	C:\WINDOWS\System32\PSAPI.DLL
0x00007ff95d8e0000 - 0x00007ff95d913000 	C:\WINDOWS\SYSTEM32\WINMM.dll
0x00007ff9389c0000 - 0x00007ff9389c9000 	C:\WINDOWS\SYSTEM32\WSOCK32.dll
0x00007ff964fa0000 - 0x00007ff96500f000 	C:\WINDOWS\System32\WS2_32.dll
0x00007ff962770000 - 0x00007ff962788000 	C:\WINDOWS\SYSTEM32\kernel.appcore.dll
0x00007ff938640000 - 0x00007ff93864a000 	C:\Program Files\Java\jdk-16.0.2\bin\jimage.dll
0x00007ff961260000 - 0x00007ff961481000 	C:\WINDOWS\SYSTEM32\DBGHELP.DLL
0x00007ff94cb20000 - 0x00007ff94cb51000 	C:\WINDOWS\SYSTEM32\dbgcore.DLL
0x00007ff963d60000 - 0x00007ff963ddf000 	C:\WINDOWS\System32\bcryptPrimitives.dll
0x00007ff90efc0000 - 0x00007ff90efe5000 	C:\Program Files\Java\jdk-16.0.2\bin\java.dll

dbghelp: loaded successfully - version: 4.0.5 - missing functions: none
symbol engine: initialized successfully - sym options: 0x614 - pdb path: .;C:\Program Files\Java\jdk-16.0.2\bin;C:\WINDOWS\SYSTEM32;C:\WINDOWS\WinSxS\amd64_microsoft.windows.common-controls_6595b64144ccf1df_6.0.22000.120_none_9d947278b86cc467;C:\Program Files\Java\jdk-16.0.2\bin\server

VM Arguments:
jvm_args: -Dfile.encoding=UTF-8 -XX:+ShowCodeDetailsInExceptionMessages 
java_command: gui.GUI_QuenMatKhau
java_class_path (initial): E:\HKI_2022-2023\PTUD\Project\DoAn_v4\build\classes;E:\HKI_2022-2023\PTUD\Project\DoAn_v4\libs\sqljdbc4.jar;E:\HKI_2022-2023\PTUD\Project\DoAn_v4\libs\jcalendar-1.4.jar;E:\HKI_2022-2023\PTUD\Project\DoAn_v4\libs\itext.jar
Launcher Type: SUN_STANDARD

[Global flags]
     intx CICompilerCount                          = 4                                         {product} {ergonomic}
     uint ConcGCThreads                            = 2                                         {product} {ergonomic}
     uint G1ConcRefinementThreads                  = 8                                         {product} {ergonomic}
   size_t G1HeapRegionSize                         = 1048576                                   {product} {ergonomic}
    uintx GCDrainStackTargetSize                   = 64                                        {product} {ergonomic}
   size_t InitialHeapSize                          = 132120576                                 {product} {ergonomic}
   size_t MarkStackSize                            = 4194304                                   {product} {ergonomic}
   size_t MaxHeapSize                              = 2109734912                                {product} {ergonomic}
   size_t MinHeapDeltaBytes                        = 1048576                                   {product} {ergonomic}
   size_t MinHeapSize                              = 8388608                                   {product} {ergonomic}
    uintx NonNMethodCodeHeapSize                   = 5839372                                {pd product} {ergonomic}
    uintx NonProfiledCodeHeapSize                  = 122909434                              {pd product} {ergonomic}
    uintx ProfiledCodeHeapSize                     = 122909434                              {pd product} {ergonomic}
    uintx ReservedCodeCacheSize                    = 251658240                              {pd product} {ergonomic}
     bool SegmentedCodeCache                       = true                                      {product} {ergonomic}
     bool ShowCodeDetailsInExceptionMessages       = true                                   {manageable} {command line}
   size_t SoftMaxHeapSize                          = 2109734912                             {manageable} {ergonomic}
     bool UseCompressedClassPointers               = true                           {product lp64_product} {ergonomic}
     bool UseCompressedOops                        = true                           {product lp64_product} {ergonomic}
     bool UseG1GC                                  = true                                      {product} {ergonomic}
     bool UseLargePagesIndividualAllocation        = false                                  {pd product} {ergonomic}

Logging:
Log output configuration:
 #0: stdout all=warning uptime,level,tags
 #1: stderr all=off uptime,level,tags

Environment Variables:
JAVA_HOME=C:\Program Files\Java\jdk-16.0.2
PATH=C:/Program Files/Java/jdk-16.0.2/bin/server;C:/Program Files/Java/jdk-16.0.2/bin;C:\Program Files\Java\jdk-16.0.2\bin;C:\Program Files\Common Files\Oracle\Java\javapath;C:\Program Files (x86)\Common Files\Oracle\Java\javapath;C:\Program Files (x86)\Java\jre1.8.0_301\bin;C:\Program Files (x86)\Python39-32\Scripts\;C:\Program Files (x86)\Python39-32\;C:\WINDOWS\system32;C:\WINDOWS;C:\WINDOWS\System32\Wbem;C:\WINDOWS\System32\WindowsPowerShell\v1.0\;C:\WINDOWS\System32\OpenSSH\;C:\MinGW\mingw64\bin;C:\Users\LAPTOP\AppData\Local\Programs\Python\Python39;C:\Users\LAPTOP\AppData\Roaming\Python\Python39;C:\Program Files\Microsoft SQL Server\Client SDK\ODBC\170\Tools\Binn\;C:\Program Files (x86)\Microsoft SQL Server\150\Tools\Binn\;C:\Program Files\Microsoft SQL Server\150\Tools\Binn\;C:\Program Files\Microsoft SQL Server\150\DTS\Binn\;C:\Program Files (x86)\Microsoft SQL Server\150\DTS\Binn\;C:\Program Files\Azure Data Studio\bin;C:\Program Files\MongoDB\Server\5.0\bin;C:\Program Files\MongoDB\mongodb-database-tools-windows-x86_64-100.5.2\bin;C:\Program Files\Git\cmd;C:\Program Files\nodejs\;C:\Users\LAPTOP\AppData\Local\Programs\Microsoft VS Code\bin;C:\Users\LAPTOP\AppData\Local\Programs\Python\Python39;C:\Users\LAPTOP\AppData\Local\Programs\Python\Python39\Scripts;C:\Program Files\Java\jdk-16.0.2\bin;;C:\Program Files\Azure Data Studio\bin;C:\Users\LAPTOP\AppData\Local\Microsoft\WindowsApps;C:\Users\LAPTOP\AppData\Local\Programs\mongosh\;C:\Users\LAPTOP\AppData\Roaming\npm;C:\Users\LAPTOP\OneDrive\Máy tính;
USERNAME=DAVID
OS=Windows_NT
PROCESSOR_IDENTIFIER=Intel64 Family 6 Model 142 Stepping 12, GenuineIntel



---------------  S Y S T E M  ---------------

OS:
 Windows 10 , 64 bit Build 22000 (10.0.22000.1219)
OS uptime: 8 days 7:38 hours

CPU: total 8 (initial active 8) (4 cores per cpu, 2 threads per core) family 6 model 142 stepping 12 microcode 0xf0, cx8, cmov, fxsr, ht, mmx, 3dnowpref, sse, sse2, sse3, ssse3, sse4.1, sse4.2, popcnt, lzcnt, tsc, tscinvbit, avx, avx2, aes, erms, clmul, bmi1, bmi2, adx, fma, vzeroupper, clflush, clflushopt

Memory: 4k page, system-wide physical 8040M (549M free)
TotalPageFile size 20540M (AvailPageFile size 94M)
current process WorkingSet (physical memory assigned to process): 10M, peak: 10M
current process commit charge ("private bytes"): 60M, peak: 186M

vm_info: Java HotSpot(TM) 64-Bit Server VM (16.0.2+7-67) for windows-amd64 JRE (16.0.2+7-67), built on Jun  8 2021 23:24:19 by "mach5one" with MS VC++ 16.7 (VS2019)

END.
